0 info it worked if it ends with ok
1 verbose cli [ '/usr/local/bin/node', '/usr/local/bin/npm', 'i' ]
2 info using npm@4.0.5
3 info using node@v6.9.1
4 silly loadCurrentTree Starting
5 silly install loadCurrentTree
6 silly install readLocalPackageData
7 silly install normalizeTree
8 silly loadCurrentTree Finishing
9 silly loadIdealTree Starting
10 silly install loadIdealTree
11 silly cloneCurrentTree Starting
12 silly install cloneCurrentTreeToIdealTree
13 silly cloneCurrentTree Finishing
14 silly loadShrinkwrap Starting
15 silly install loadShrinkwrap
16 silly loadShrinkwrap Finishing
17 silly loadAllDepsIntoIdealTree Starting
18 silly install loadAllDepsIntoIdealTree
19 silly loadAllDepsIntoIdealTree Finishing
20 silly loadIdealTree Finishing
21 silly currentTree test@1.0.0
21 silly currentTree └── @linclark/pkg@1.0.2
22 silly idealTree test@1.0.0
22 silly idealTree └── @linclark/pkg@1.0.2
23 silly generateActionsToTake Starting
24 silly install generateActionsToTake
25 silly generateActionsToTake Finishing
26 silly diffTrees action count 0
27 silly decomposeActions action count 0
28 silly runTopLevelLifecycles Starting
29 silly install runPreinstallTopLevelLifecycles
30 silly preinstall test@1.0.0
31 info lifecycle test@1.0.0~preinstall: test@1.0.0
32 silly lifecycle test@1.0.0~preinstall: no script for preinstall, continuing
33 silly executeActions Starting
34 silly install executeActions
35 silly doSerial global-install 0
36 silly doParallel fetch 0
37 verbose correctMkdir /Users/alexchernenko/.npm/_locks correctMkdir not in flight; initializing
38 verbose lock using /Users/alexchernenko/.npm/_locks/staging-16af7b0e259bb7dc.lock for /Users/alexchernenko/npm-exercises/node_modules/.staging
39 verbose unlock done using /Users/alexchernenko/.npm/_locks/staging-16af7b0e259bb7dc.lock for /Users/alexchernenko/npm-exercises/node_modules/.staging
40 silly rollbackFailedOptional Starting
41 silly rollbackFailedOptional Finishing
42 silly runTopLevelLifecycles Finishing
43 silly install printInstalled
44 warn test@1.0.0 No repository field.
45 verbose If you need help, you may report this error at:
45 verbose     <https://github.com/npm/npm/issues>
46 verbose stack Error: EACCES: permission denied, mkdir '/Users/alexchernenko/npm-exercises/node_modules/.staging'
46 verbose stack     at Error (native)
47 verbose cwd /Users/alexchernenko/npm-exercises
48 error Darwin 15.6.0
49 error argv "/usr/local/bin/node" "/usr/local/bin/npm" "i"
50 error node v6.9.1
51 error npm  v4.0.5
52 error path /Users/alexchernenko/npm-exercises/node_modules/.staging
53 error code EACCES
54 error errno -13
55 error syscall mkdir
56 error Error: EACCES: permission denied, mkdir '/Users/alexchernenko/npm-exercises/node_modules/.staging'
56 error     at Error (native)
56 error  { Error: EACCES: permission denied, mkdir '/Users/alexchernenko/npm-exercises/node_modules/.staging'
56 error     at Error (native)
56 error   errno: -13,
56 error   code: 'EACCES',
56 error   syscall: 'mkdir',
56 error   path: '/Users/alexchernenko/npm-exercises/node_modules/.staging' }
57 error Please try running this command again as root/Administrator.
58 verbose exit [ -13, true ]
